0 info it worked if it ends with ok
1 verbose cli [ '/usr/local/bin/node', '/usr/local/bin/npm', 'run', 'tsc' ]
2 info using npm@3.10.3
3 info using node@v6.4.0
4 verbose run-script [ 'pretsc', 'tsc', 'posttsc' ]
5 info lifecycle angular2-multistep-form@~pretsc: angular2-multistep-form@
6 silly lifecycle angular2-multistep-form@~pretsc: no script for pretsc, continuing
7 info lifecycle angular2-multistep-form@~tsc: angular2-multistep-form@
8 verbose lifecycle angular2-multistep-form@~tsc: unsafe-perm in lifecycle true
9 verbose lifecycle angular2-multistep-form@~tsc: PATH: /usr/local/lib/node_modules/npm/bin/node-gyp-bin:/Users/nikkwong/angular2-multistep-form/node_modules/.bin:/usr/local/bin:/Users/nikkwong/local/bin:/usr/local/bin:/usr/bin:/bin:/usr/sbin:/sbin:/opt/X11/bin:/usr/local/ec2/ec2-api-tools-1.7.5.0/bin:/opt/apache-maven-3.3.9/bin:/Applications/DevDesktop/drush:/Applications/acquia/drush
10 verbose lifecycle angular2-multistep-form@~tsc: CWD: /Users/nikkwong/angular2-multistep-form
11 silly lifecycle angular2-multistep-form@~tsc: Args: [ '-c', 'tsc' ]
12 silly lifecycle angular2-multistep-form@~tsc: Returned: code: 2  signal: null
13 info lifecycle angular2-multistep-form@~tsc: Failed to exec tsc script
14 verbose stack Error: angular2-multistep-form@ tsc: `tsc`
14 verbose stack Exit status 2
14 verbose stack     at EventEmitter.<anonymous> (/usr/local/lib/node_modules/npm/lib/utils/lifecycle.js:242:16)
14 verbose stack     at emitTwo (events.js:106:13)
14 verbose stack     at EventEmitter.emit (events.js:191:7)
14 verbose stack     at ChildProcess.<anonymous> (/usr/local/lib/node_modules/npm/lib/utils/spawn.js:40:14)
14 verbose stack     at emitTwo (events.js:106:13)
14 verbose stack     at ChildProcess.emit (events.js:191:7)
14 verbose stack     at maybeClose (internal/child_process.js:852:16)
14 verbose stack     at Process.ChildProcess._handle.onexit (internal/child_process.js:215:5)
15 verbose pkgid angular2-multistep-form@
16 verbose cwd /Users/nikkwong/angular2-multistep-form
17 error Darwin 15.4.0
18 error argv "/usr/local/bin/node" "/usr/local/bin/npm" "run" "tsc"
19 error node v6.4.0
20 error npm  v3.10.3
21 error code ELIFECYCLE
22 error angular2-multistep-form@ tsc: `tsc`
22 error Exit status 2
23 error Failed at the angular2-multistep-form@ tsc script 'tsc'.
23 error Make sure you have the latest version of node.js and npm installed.
23 error If you do, this is most likely a problem with the angular2-multistep-form package,
23 error not with npm itself.
23 error Tell the author that this fails on your system:
23 error     tsc
23 error You can get information on how to open an issue for this project with:
23 error     npm bugs angular2-multistep-form
23 error Or if that isn't available, you can get their info via:
23 error     npm owner ls angular2-multistep-form
23 error There is likely additional logging output above.
24 verbose exit [ 1, true ]
